#
# There is insufficient memory for the Java Runtime Environment to continue.
# Native memory allocation (mmap) failed to map 266338304 bytes for G1 virtual space
# Possible reasons:
#   The system is out of physical RAM or swap space
#   The process is running with CompressedOops enabled, and the Java Heap may be blocking the growth of the native heap
# Possible solutions:
#   Reduce memory load on the system
#   Increase physical memory or swap space
#   Check if swap backing store is full
#   Decrease Java heap size (-Xmx/-Xms)
#   Decrease number of Java threads
#   Decrease Java thread stack sizes (-Xss)
#   Set larger code cache with -XX:ReservedCodeCacheSize=
#   JVM is running with Zero Based Compressed Oops mode in which the Java heap is
#     placed in the first 32GB address space. The Java Heap base address is the
#     maximum limit for the native heap growth. Please use -XX:HeapBaseMinAddress
#     to set the Java Heap base and to place the Java Heap above 32GB virtual address.
# This output file may be truncated or incomplete.
#
#  Out of Memory Error (os_windows.cpp:3548), pid=34044, tid=26192
#
# JRE version:  (17.0.5+8) (build )
# Java VM: OpenJDK 64-Bit Server VM (17.0.5+8, mixed mode, sharing, tiered, compressed oops, compressed class ptrs, g1 gc, windows-amd64)
# No core dump will be written. Minidumps are not enabled by default on client versions of Windows
#

---------------  S U M M A R Y ------------

Command Line: -Dfile.encoding=UTF-8 --module-path=C:\Users\edmar\git\Erick-ems\ProjetoErick\bin -XX:+ShowCodeDetailsInExceptionMessages -Djdk.module.main=ProjetoErick ProjetoErick/view.TelaInicial

Host: Intel(R) Core(TM) i5-9600K CPU @ 3.70GHz, 6 cores, 15G,  Windows 11 , 64 bit Build 22621 (10.0.22621.1105)
Time: Tue Jan 24 19:17:45 2023 Hora oficial do Brasil elapsed time: 0.011995 seconds (0d 0h 0m 0s)

---------------  T H R E A D  ---------------

Current thread (0x0000020a90efac80):  JavaThread "Unknown thread" [_thread_in_vm, id=26192, stack(0x000000fe7c200000,0x000000fe7c300000)]

Stack: [0x000000fe7c200000,0x000000fe7c300000]
Native frames: (J=compiled Java code, j=interpreted, Vv=VM code, C=native code)
V  [jvm.dll+0x676b3a]
V  [jvm.dll+0x831444]
V  [jvm.dll+0x832bee]
V  [jvm.dll+0x833253]
V  [jvm.dll+0x244ce5]
V  [jvm.dll+0x673a49]
V  [jvm.dll+0x66811a]
V  [jvm.dll+0x303ceb]
V  [jvm.dll+0x30b1e6]
V  [jvm.dll+0x35adbe]
V  [jvm.dll+0x35afef]
V  [jvm.dll+0x2dab88]
V  [jvm.dll+0x2dbaf4]
V  [jvm.dll+0x803121]
V  [jvm.dll+0x368bb1]
V  [jvm.dll+0x7e265c]
V  [jvm.dll+0x3eb17f]
V  [jvm.dll+0x3eccc1]
C  [jli.dll+0x5267]
C  [ucrtbase.dll+0x29363]
C  [KERNEL32.DLL+0x126bd]
C  [ntdll.dll+0x5dfb8]


---------------  P R O C E S S  ---------------

Threads class SMR info:
_java_thread_list=0x00007ff85f642f18, length=0, elements={
}

Java Threads: ( => current thread )

Other Threads:
  0x0000020a90f69230 GCTaskThread "GC Thread#0" [stack: 0x000000fe7c300000,0x000000fe7c400000] [id=10564]
  0x0000020a90f7a060 ConcurrentGCThread "G1 Main Marker" [stack: 0x000000fe7c400000,0x000000fe7c500000] [id=34260]
  0x0000020a90f7aa70 ConcurrentGCThread "G1 Conc#0" [stack: 0x000000fe7c500000,0x000000fe7c600000] [id=27232]

[error occurred during error reporting (printing all threads), id 0xc0000005, EXCEPTION_ACCESS_VIOLATION (0xc0000005) at pc=0x00007ff85ee1b617]

VM state: not at safepoint (not fully initialized)

VM Mutex/Monitor currently owned by a thread:  ([mutex/lock_event])
[0x0000020a90ef52b0] Heap_lock - owner thread: 0x0000020a90efac80

Heap address: 0x0000000702600000, size: 4058 MB, Compressed Oops mode: Zero based, Oop shift amount: 3

CDS archive(s) mapped at: [0x0000000000000000-0x0000000000000000-0x0000000000000000), size 0, SharedBaseAddress: 0x0000000800000000, ArchiveRelocationMode: 0.
Narrow klass base: 0x0000000000000000, Narrow klass shift: 0, Narrow klass range: 0x0

GC Precious Log:
<Empty>

Heap:
 garbage-first heap   total 0K, used 0K [0x0000000702600000, 0x0000000800000000)
  region size 2048K, 0 young (0K), 0 survivors (0K)

[error occurred during error reporting (printing heap information), id 0xc0000005, EXCEPTION_ACCESS_VIOLATION (0xc0000005) at pc=0x00007ff85f1ffcb9]

GC Heap History (0 events):
No events

Dll operation events (1 events):
Event: 0.006 Loaded shared library C:\Users\edmar\.p2\pool\plugins\org.eclipse.justj.openjdk.hotspot.jre.full.win32.x86_64_17.0.5.v20221102-0933\jre\bin\java.dll

Deoptimization events (0 events):
No events

Classes unloaded (0 events):
No events

Classes redefined (0 events):
No events

Internal exceptions (0 events):
No events

VM Operations (0 events):
No events

Events (0 events):
No events


Dynamic libraries:
0x00007ff699fc0000 - 0x00007ff699fce000 	C:\Users\edmar\.p2\pool\plugins\org.eclipse.justj.openjdk.hotspot.jre.full.win32.x86_64_17.0.5.v20221102-0933\jre\bin\javaw.exe
0x00007ff907750000 - 0x00007ff907964000 	C:\WINDOWS\SYSTEM32\ntdll.dll
0x00007ff906510000 - 0x00007ff9065d3000 	C:\WINDOWS\System32\KERNEL32.DLL
0x00007ff904e60000 - 0x00007ff9051fd000 	C:\WINDOWS\System32\KERNELBASE.dll
0x00007ff904cc0000 - 0x00007ff904dd1000 	C:\WINDOWS\System32\ucrtbase.dll
0x00007ff8d64d0000 - 0x00007ff8d64e9000 	C:\Users\edmar\.p2\pool\plugins\org.eclipse.justj.openjdk.hotspot.jre.full.win32.x86_64_17.0.5.v20221102-0933\jre\bin\VCRUNTIME140.dll
0x00007ff8f66a0000 - 0x00007ff8f66b7000 	C:\Users\edmar\.p2\pool\plugins\org.eclipse.justj.openjdk.hotspot.jre.full.win32.x86_64_17.0.5.v20221102-0933\jre\bin\jli.dll
0x00007ff905990000 - 0x00007ff905b3d000 	C:\WINDOWS\System32\USER32.dll
0x00007ff904b70000 - 0x00007ff904b96000 	C:\WINDOWS\System32\win32u.dll
0x00007ff8f2210000 - 0x00007ff8f249e000 	C:\WINDOWS\WinSxS\amd64_microsoft.windows.common-controls_6595b64144ccf1df_6.0.22621.608_none_a9444ca7c10bb01d\COMCTL32.dll
0x00007ff906dd0000 - 0x00007ff906df9000 	C:\WINDOWS\System32\GDI32.dll
0x00007ff906460000 - 0x00007ff906507000 	C:\WINDOWS\System32\msvcrt.dll
0x00007ff904ba0000 - 0x00007ff904cb2000 	C:\WINDOWS\System32\gdi32full.dll
0x00007ff9054a0000 - 0x00007ff90553a000 	C:\WINDOWS\System32\msvcp_win.dll
0x00007ff907230000 - 0x00007ff907262000 	C:\WINDOWS\System32\IMM32.DLL
0x00007ff8f73b0000 - 0x00007ff8f73bc000 	C:\Users\edmar\.p2\pool\plugins\org.eclipse.justj.openjdk.hotspot.jre.full.win32.x86_64_17.0.5.v20221102-0933\jre\bin\vcruntime140_1.dll
0x00007ff8d40c0000 - 0x00007ff8d4151000 	C:\Users\edmar\.p2\pool\plugins\org.eclipse.justj.openjdk.hotspot.jre.full.win32.x86_64_17.0.5.v20221102-0933\jre\bin\msvcp140.dll
0x00007ff85eb30000 - 0x00007ff85f774000 	C:\Users\edmar\.p2\pool\plugins\org.eclipse.justj.openjdk.hotspot.jre.full.win32.x86_64_17.0.5.v20221102-0933\jre\bin\server\jvm.dll
0x00007ff907270000 - 0x00007ff90731e000 	C:\WINDOWS\System32\ADVAPI32.dll
0x00007ff906c80000 - 0x00007ff906d24000 	C:\WINDOWS\System32\sechost.dll
0x00007ff9066e0000 - 0x00007ff9067f5000 	C:\WINDOWS\System32\RPCRT4.dll
0x00007ff8d7d00000 - 0x00007ff8d7d09000 	C:\WINDOWS\SYSTEM32\WSOCK32.dll
0x00007ff8f7480000 - 0x00007ff8f74b4000 	C:\WINDOWS\SYSTEM32\WINMM.dll
0x00007ff906d50000 - 0x00007ff906dc1000 	C:\WINDOWS\System32\WS2_32.dll
0x00007ff8ff3c0000 - 0x00007ff8ff3ca000 	C:\WINDOWS\SYSTEM32\VERSION.dll
0x00007ff903b30000 - 0x00007ff903b48000 	C:\WINDOWS\SYSTEM32\kernel.appcore.dll
0x00007ff9008f0000 - 0x00007ff9008fa000 	C:\Users\edmar\.p2\pool\plugins\org.eclipse.justj.openjdk.hotspot.jre.full.win32.x86_64_17.0.5.v20221102-0933\jre\bin\jimage.dll
0x00007ff8f4260000 - 0x00007ff8f448e000 	C:\WINDOWS\SYSTEM32\DBGHELP.DLL
0x00007ff906ea0000 - 0x00007ff90722a000 	C:\WINDOWS\System32\combase.dll
0x00007ff907370000 - 0x00007ff907447000 	C:\WINDOWS\System32\OLEAUT32.dll
0x00007ff8ecd80000 - 0x00007ff8ecdb2000 	C:\WINDOWS\SYSTEM32\dbgcore.DLL
0x00007ff904de0000 - 0x00007ff904e5b000 	C:\WINDOWS\System32\bcryptPrimitives.dll
0x00007ff8f1820000 - 0x00007ff8f1845000 	C:\Users\edmar\.p2\pool\plugins\org.eclipse.justj.openjdk.hotspot.jre.full.win32.x86_64_17.0.5.v20221102-0933\jre\bin\java.dll

dbghelp: loaded successfully - version: 4.0.5 - missing functions: none
symbol engine: initialized successfully - sym options: 0x614 - pdb path: .;C:\Users\edmar\.p2\pool\plugins\org.eclipse.justj.openjdk.hotspot.jre.full.win32.x86_64_17.0.5.v20221102-0933\jre\bin;C:\WINDOWS\SYSTEM32;C:\WINDOWS\WinSxS\amd64_microsoft.windows.common-controls_6595b64144ccf1df_6.0.22621.608_none_a9444ca7c10bb01d;C:\Users\edmar\.p2\pool\plugins\org.eclipse.justj.openjdk.hotspot.jre.full.win32.x86_64_17.0.5.v20221102-0933\jre\bin\server

VM Arguments:
jvm_args: -Dfile.encoding=UTF-8 --module-path=C:\Users\edmar\git\Erick-ems\ProjetoErick\bin -XX:+ShowCodeDetailsInExceptionMessages -Djdk.module.main=ProjetoErick 
java_command: ProjetoErick/view.TelaInicial
java_class_path (initial): .;C:\Users\edmar\OneDrive\햞ea de Trabalho\Dev\jdk17\lib
Launcher Type: SUN_STANDARD

[Global flags]
     intx CICompilerCount                          = 3                                         {product} {ergonomic}
     uint ConcGCThreads                            = 2                                         {product} {ergonomic}
     uint G1ConcRefinementThreads                  = 6                                         {product} {ergonomic}
   size_t G1HeapRegionSize                         = 2097152                                   {product} {ergonomic}
    uintx GCDrainStackTargetSize                   = 64                                        {product} {ergonomic}
   size_t InitialHeapSize                          = 266338304                                 {product} {ergonomic}
   size_t MarkStackSize                            = 4194304                                   {product} {ergonomic}
   size_t MaxHeapSize                              = 4255121408                                {product} {ergonomic}
   size_t MinHeapDeltaBytes                        = 2097152                                   {product} {ergonomic}
   size_t MinHeapSize                              = 8388608                                   {product} {ergonomic}
    uintx NonNMethodCodeHeapSize                   = 5832780                                {pd product} {ergonomic}
    uintx NonProfiledCodeHeapSize                  = 122912730                              {pd product} {ergonomic}
    uintx ProfiledCodeHeapSize                     = 122912730                              {pd product} {ergonomic}
    uintx ReservedCodeCacheSize                    = 251658240                              {pd product} {ergonomic}
     bool SegmentedCodeCache                       = true                                      {product} {ergonomic}
     bool ShowCodeDetailsInExceptionMessages       = true                                   {manageable} {command line}
   size_t SoftMaxHeapSize                          = 4255121408                             {manageable} {ergonomic}
     bool UseCompressedClassPointers               = true                           {product lp64_product} {ergonomic}
     bool UseCompressedOops                        = true                           {product lp64_product} {ergonomic}
     bool UseG1GC                                  = true                                      {product} {ergonomic}
     bool UseLargePagesIndividualAllocation        = false                                  {pd product} {ergonomic}

Logging:
Log output configuration:
 #0: stdout all=warning uptime,level,tags
 #1: stderr all=off uptime,level,tags

Environment Variables:
JAVA_HOME=C:\Users\edmar\OneDrive\햞ea de Trabalho\Dev\jdk17
CLASSPATH=.;C:\Users\edmar\OneDrive\햞ea de Trabalho\Dev\jdk17\lib
PATH=C:/Users/edmar/.p2/pool/plugins/org.eclipse.justj.openjdk.hotspot.jre.full.win32.x86_64_17.0.5.v20221102-0933/jre/bin/server;C:/Users/edmar/.p2/pool/plugins/org.eclipse.justj.openjdk.hotspot.jre.full.win32.x86_64_17.0.5.v20221102-0933/jre/bin;C:\Program Files (x86)\Common Files\Oracle\Java\javapath;C:\ProgramData\Oracle\Java\javapath;C:\WINDOWS\system32;C:\WINDOWS;C:\WINDOWS\System32\Wbem;C:\WINDOWS\System32\WindowsPowerShell\v1.0\;C:\WINDOWS\System32\OpenSSH\;C:\Program Files\dotnet\;D:\Program Files\nodejs\;C:\Program Files\Git\cmd;C:\ProgramData\chocolatey\bin;C:\Program Files\Docker\Docker\resources\bin;C:\Users\edmar\OneDrive\햞ea de Trabalho\Dev\jdk17\bin;;C:\Program Files\NVIDIA Corporation\NVIDIA NvDLISR;C:\Users\edmar\AppData\Local\Microsoft\WindowsApps;C:\Users\edmar\AppData\Roaming\npm;C:\Users\edmar\AppData\Local\GitHubDesktop\bin;C:\Users\edmar\.dotnet\tools;C:\Users\edmar\AppData\Local\Programs\Microsoft VS Code\bin;C:\WINDOWS\system32;
USERNAME=edmar
OS=Windows_NT
PROCESSOR_IDENTIFIER=Intel64 Family 6 Model 158 Stepping 12, GenuineIntel
TMP=C:\Users\edmar\AppData\Local\Temp
TEMP=C:\Users\edmar\AppData\Local\Temp



---------------  S Y S T E M  ---------------

OS:
 Windows 11 , 64 bit Build 22621 (10.0.22621.1105)
OS uptime: 0 days 9:47 hours
Hyper-V role detected

CPU: total 6 (initial active 6) (6 cores per cpu, 1 threads per core) family 6 model 158 stepping 12 microcode 0xde, cx8, cmov, fxsr, mmx, 3dnowpref, sse, sse2, sse3, ssse3, sse4.1, sse4.2, popcnt, lzcnt, tsc, tscinvbit, avx, avx2, aes, erms, clmul, bmi1, bmi2, rtm, adx, fma, vzeroupper, clflush, clflushopt, hv

Memory: 4k page, system-wide physical 16225M (3283M free)
TotalPageFile size 41212M (AvailPageFile size 226M)
current process WorkingSet (physical memory assigned to process): 11M, peak: 11M
current process commit charge ("private bytes"): 56M, peak: 310M

vm_info: OpenJDK 64-Bit Server VM (17.0.5+8) for windows-amd64 JRE (17.0.5+8), built on Oct 19 2022 04:48:13 by "temurin" with MS VC++ 16.7 (VS2019)

END.
